deps/library/libbugly/build/outputs/logs/manifest-merger-debug-report.txt
-- Merging decision tree log ---
manifest
ADDED from library\libbugly\AndroidManifest.xml:2:1-5:12
INJECTED from library\libbugly\AndroidManifest.xml:2:1-5:12
INJECTED from library\libbugly\AndroidManifest.xml:2:1-5:12
	package
		ADDED from library\libbugly\AndroidManifest.xml:4:5-42
		INJECTED from library\libbugly\AndroidManifest.xml
		INJECTED from library\libbugly\AndroidManifest.xml
	xmlns:tools
		ADDED from library\libbugly\AndroidManifest.xml:3:5-51
	xmlns:android
		ADDED from library\libbugly\AndroidManifest.xml:2:11-69
uses-sdk
INJECTED from library\libbugly\AndroidManifest.xml reason: use-sdk injection requested
INJECTED from library\libbugly\AndroidManifest.xml
INJECTED from library\libbugly\AndroidManifest.xml
INJECTED from library\libbugly\AndroidManifest.xml
INJECTED from library\libbugly\AndroidManifest.xml
	android:targetSdkVersion
		INJECTED from library\libbugly\AndroidManifest.xml
		ADDED from library\libbugly\AndroidManifest.xml
		INJECTED from library\libbugly\AndroidManifest.xml
	android:minSdkVersion
		INJECTED from library\libbugly\AndroidManifest.xml
		ADDED from library\libbugly\AndroidManifest.xml
		INJECTED from library\libbugly\AndroidManifest.xml